11:29:18,185  INFO Log4jExample:9 - STARTED!
11:29:18,200  INFO Log4jExample:13 - Info
11:29:18,200  WARN Log4jExample:14 - Warn
11:29:18,200 ERROR Log4jExample:15 - Error
11:29:18,200 FATAL Log4jExample:16 - Fatal
11:29:18,200  INFO Log4jExample:18 - FINISHED!
11:57:27,012  INFO Log4jExample:9 - STARTED!
11:57:27,012  INFO Log4jExample:13 - Info
11:57:27,012  WARN Log4jExample:14 - Warn
11:57:27,012 ERROR Log4jExample:15 - Error
11:57:27,012 FATAL Log4jExample:16 - Fatal
11:57:27,012  INFO Log4jExample:18 - FINISHED!
11:57:37,332  INFO Log4jExample:9 - STARTED!
11:57:37,332  INFO Log4jExample:13 - Info
11:57:37,332  WARN Log4jExample:14 - Warn
11:57:37,332 ERROR Log4jExample:15 - Error
11:57:37,347 FATAL Log4jExample:16 - Fatal
11:57:37,347  INFO Log4jExample:18 - FINISHED!
16:09:55,177  INFO Log4jExample:9 - STARTED!
16:09:55,207  INFO Log4jExample:13 - Info
16:09:55,207  WARN Log4jExample:14 - Warn
16:09:55,207 ERROR Log4jExample:15 - Error
16:09:55,215 FATAL Log4jExample:16 - Fatal
16:09:55,215  INFO Log4jExample:18 - FINISHED!
